[Tue Apr 21 16:23:42 EDT 2026]: Peer 1001 has the preferred neighbors .
[Tue Apr 21 16:23:47 EDT 2026]: Peer 1001 has the preferred neighbors .
[Tue Apr 21 16:23:52 EDT 2026]: Peer 1001 has the preferred neighbors .
[Tue Apr 21 16:23:53 EDT 2026]: Peer 1001 makes a connection to Peer 1002.
[Tue Apr 21 16:23:53 EDT 2026]: Peer 1001 received the 'interested' message from 1002.
[Tue Apr 21 16:23:57 EDT 2026]: Peer 1001 has the optimistically unchoked neighbor 1002.
[Tue Apr 21 16:23:57 EDT 2026]: Peer 1001 has the preferred neighbors 1002.
[Tue Apr 21 16:23:58 EDT 2026]: Peer 1001 received the 'have' message from 1002 for the piece 340.
[Tue Apr 21 16:23:58 EDT 2026]: Peer 1001 received the 'interested' message from 1002.
[Tue Apr 21 16:23:58 EDT 2026]: Peer 1001 received the 'have' message from 1002 for the piece 620.
[Tue Apr 21 16:23:58 EDT 2026]: Peer 1001 received the 'interested' message from 1002.
[Tue Apr 21 16:23:58 EDT 2026]: Peer 1001 received the 'have' message from 1002 for the piece 379.
[Tue Apr 21 16:23:58 EDT 2026]: Peer 1001 received the 'interested' message from 1002.
[Tue Apr 21 16:23:58 EDT 2026]: Peer 1001 received the 'have' message from 1002 for the piece 1379.
[Tue Apr 21 16:23:58 EDT 2026]: Peer 1001 received the 'interested' message from 1002.
[Tue Apr 21 16:23:58 EDT 2026]: Peer 1001 received the 'have' message from 1002 for the piece 447.
[Tue Apr 21 16:23:58 EDT 2026]: Peer 1001 received the 'interested' message from 1002.
[Tue Apr 21 16:23:58 EDT 2026]: Peer 1001 received the 'have' message from 1002 for the piece 1366.
[Tue Apr 21 16:23:58 EDT 2026]: Peer 1001 received the 'interested' message from 1002.
[Tue Apr 21 16:23:58 EDT 2026]: Peer 1001 received the 'have' message from 1002 for the piece 374.
[Tue Apr 21 16:23:58 EDT 2026]: Peer 1001 received the 'interested' message from 1002.
[Tue Apr 21 16:23:58 EDT 2026]: Peer 1001 received the 'have' message from 1002 for the piece 956.
[Tue Apr 21 16:23:58 EDT 2026]: Peer 1001 received the 'interested' message from 1002.
[Tue Apr 21 16:23:58 EDT 2026]: Peer 1001 received the 'have' message from 1002 for the piece 684.
[Tue Apr 21 16:23:58 EDT 2026]: Peer 1001 received the 'interested' message from 1002.
[Tue Apr 21 16:23:58 EDT 2026]: Peer 1001 received the 'have' message from 1002 for the piece 938.
[Tue Apr 21 16:23:58 EDT 2026]: Peer 1001 received the 'interested' message from 1002.
[Tue Apr 21 16:23:58 EDT 2026]: Peer 1001 received the 'have' message from 1002 for the piece 400.
[Tue Apr 21 16:23:58 EDT 2026]: Peer 1001 received the 'interested' message from 1002.
[Tue Apr 21 16:23:58 EDT 2026]: Peer 1001 received the 'have' message from 1002 for the piece 683.
[Tue Apr 21 16:23:58 EDT 2026]: Peer 1001 received the 'interested' message from 1002.
[Tue Apr 21 16:23:58 EDT 2026]: Peer 1001 received the 'have' message from 1002 for the piece 1311.
[Tue Apr 21 16:23:58 EDT 2026]: Peer 1001 received the 'interested' message from 1002.
[Tue Apr 21 16:23:58 EDT 2026]: Peer 1001 received the 'have' message from 1002 for the piece 96.
[Tue Apr 21 16:23:58 EDT 2026]: Peer 1001 received the 'interested' message from 1002.
[Tue Apr 21 16:23:58 EDT 2026]: Peer 1001 received the 'have' message from 1002 for the piece 1078.
[Tue Apr 21 16:23:58 EDT 2026]: Peer 1001 received the 'interested' message from 1002.
[Tue Apr 21 16:23:58 EDT 2026]: Peer 1001 received the 'have' message from 1002 for the piece 1470.
[Tue Apr 21 16:23:58 EDT 2026]: Peer 1001 received the 'interested' message from 1002.
[Tue Apr 21 16:23:58 EDT 2026]: Peer 1001 received the 'have' message from 1002 for the piece 492.
[Tue Apr 21 16:23:58 EDT 2026]: Peer 1001 received the 'interested' message from 1002.
[Tue Apr 21 16:24:02 EDT 2026]: Peer 1001 has the preferred neighbors 1002.
[Tue Apr 21 16:24:08 EDT 2026]: Peer 1001 has the preferred neighbors 1002.
[Tue Apr 21 16:24:13 EDT 2026]: Peer 1001 has the preferred neighbors 1002.
[Tue Apr 21 16:24:18 EDT 2026]: Peer 1001 has the preferred neighbors 1002.
[Tue Apr 21 16:24:23 EDT 2026]: Peer 1001 has the preferred neighbors 1002.
[Tue Apr 21 16:24:28 EDT 2026]: Peer 1001 has the preferred neighbors 1002.
[Tue Apr 21 16:24:33 EDT 2026]: Peer 1001 has the preferred neighbors 1002.
[Tue Apr 21 16:24:38 EDT 2026]: Peer 1001 has the preferred neighbors 1002.
[Tue Apr 21 16:24:43 EDT 2026]: Peer 1001 has the preferred neighbors 1002.
[Tue Apr 21 16:24:48 EDT 2026]: Peer 1001 has the preferred neighbors 1002.
[Tue Apr 21 16:24:53 EDT 2026]: Peer 1001 has the preferred neighbors 1002.
[Tue Apr 21 16:24:58 EDT 2026]: Peer 1001 has the preferred neighbors 1002.
[Tue Apr 21 16:25:03 EDT 2026]: Peer 1001 has the preferred neighbors 1002.
[Tue Apr 21 16:25:08 EDT 2026]: Peer 1001 has the preferred neighbors 1002.
[Tue Apr 21 16:25:13 EDT 2026]: Peer 1001 has the preferred neighbors 1002.
[Tue Apr 21 16:25:18 EDT 2026]: Peer 1001 has the preferred neighbors 1002.
[Tue Apr 21 16:25:23 EDT 2026]: Peer 1001 has the preferred neighbors 1002.
[Tue Apr 21 16:25:28 EDT 2026]: Peer 1001 has the preferred neighbors 1002.
[Tue Apr 21 16:25:33 EDT 2026]: Peer 1001 has the preferred neighbors 1002.
[Tue Apr 21 16:25:38 EDT 2026]: Peer 1001 has the preferred neighbors 1002.
[Tue Apr 21 16:25:43 EDT 2026]: Peer 1001 has the preferred neighbors 1002.
[Tue Apr 21 16:25:48 EDT 2026]: Peer 1001 has the preferred neighbors 1002.
[Tue Apr 21 16:25:53 EDT 2026]: Peer 1001 has the preferred neighbors 1002.
[Tue Apr 21 16:25:58 EDT 2026]: Peer 1001 has the preferred neighbors 1002.
[Tue Apr 21 16:26:03 EDT 2026]: Peer 1001 has the preferred neighbors 1002.
[Tue Apr 21 16:26:08 EDT 2026]: Peer 1001 has the preferred neighbors 1002.
[Tue Apr 21 16:26:13 EDT 2026]: Peer 1001 has the preferred neighbors 1002.
[Tue Apr 21 16:26:18 EDT 2026]: Peer 1001 has the preferred neighbors 1002.
[Tue Apr 21 16:26:23 EDT 2026]: Peer 1001 has the preferred neighbors 1002.
[Tue Apr 21 16:26:28 EDT 2026]: Peer 1001 has the preferred neighbors 1002.
[Tue Apr 21 16:26:33 EDT 2026]: Peer 1001 has the preferred neighbors 1002.
[Tue Apr 21 16:26:38 EDT 2026]: Peer 1001 has the preferred neighbors 1002.
[Tue Apr 21 16:28:30 EDT 2026]: Peer 1001 has the preferred neighbors .
[Tue Apr 21 16:28:32 EDT 2026]: Peer 1001 makes a connection to Peer 1002.
[Tue Apr 21 16:28:32 EDT 2026]: Peer 1001 received the 'interested' message from 1002.
[Tue Apr 21 16:28:35 EDT 2026]: Peer 1001 has the optimistically unchoked neighbor 1002.
[Tue Apr 21 16:28:35 EDT 2026]: Peer 1001 received the 'have' message from 1002 for the piece 1090.
[Tue Apr 21 16:28:35 EDT 2026]: Peer 1001 received the 'interested' message from 1002.
[Tue Apr 21 16:28:35 EDT 2026]: Peer 1001 has the preferred neighbors 1002.
[Tue Apr 21 16:28:35 EDT 2026]: Peer 1001 received the 'have' message from 1002 for the piece 1181.
[Tue Apr 21 16:28:35 EDT 2026]: Peer 1001 received the 'interested' message from 1002.
[Tue Apr 21 16:28:35 EDT 2026]: Peer 1001 received the 'have' message from 1002 for the piece 1423.
[Tue Apr 21 16:28:35 EDT 2026]: Peer 1001 received the 'interested' message from 1002.
[Tue Apr 21 16:28:35 EDT 2026]: Peer 1001 received the 'have' message from 1002 for the piece 297.
[Tue Apr 21 16:28:35 EDT 2026]: Peer 1001 received the 'interested' message from 1002.
[Tue Apr 21 16:28:35 EDT 2026]: Peer 1001 received the 'have' message from 1002 for the piece 1213.
[Tue Apr 21 16:28:35 EDT 2026]: Peer 1001 received the 'interested' message from 1002.
[Tue Apr 21 16:28:35 EDT 2026]: Peer 1001 received the 'have' message from 1002 for the piece 172.
[Tue Apr 21 16:28:35 EDT 2026]: Peer 1001 received the 'interested' message from 1002.
[Tue Apr 21 16:28:35 EDT 2026]: Peer 1001 received the 'have' message from 1002 for the piece 934.
[Tue Apr 21 16:28:35 EDT 2026]: Peer 1001 received the 'interested' message from 1002.
[Tue Apr 21 16:28:35 EDT 2026]: Peer 1001 received the 'have' message from 1002 for the piece 1345.
[Tue Apr 21 16:28:35 EDT 2026]: Peer 1001 received the 'interested' message from 1002.
[Tue Apr 21 16:28:35 EDT 2026]: Peer 1001 received the 'have' message from 1002 for the piece 727.
[Tue Apr 21 16:28:35 EDT 2026]: Peer 1001 received the 'interested' message from 1002.
[Tue Apr 21 16:28:35 EDT 2026]: Peer 1001 received the 'have' message from 1002 for the piece 499.
[Tue Apr 21 16:28:36 EDT 2026]: Peer 1001 received the 'interested' message from 1002.
[Tue Apr 21 16:28:36 EDT 2026]: Peer 1001 received the 'have' message from 1002 for the piece 1204.
[Tue Apr 21 16:28:36 EDT 2026]: Peer 1001 received the 'interested' message from 1002.
[Tue Apr 21 16:28:36 EDT 2026]: Peer 1001 received the 'have' message from 1002 for the piece 408.
[Tue Apr 21 16:28:36 EDT 2026]: Peer 1001 received the 'interested' message from 1002.
[Tue Apr 21 16:28:36 EDT 2026]: Peer 1001 received the 'have' message from 1002 for the piece 532.
[Tue Apr 21 16:28:36 EDT 2026]: Peer 1001 received the 'interested' message from 1002.
[Tue Apr 21 16:28:36 EDT 2026]: Peer 1001 received the 'have' message from 1002 for the piece 429.
[Tue Apr 21 16:28:36 EDT 2026]: Peer 1001 received the 'interested' message from 1002.
[Tue Apr 21 16:28:40 EDT 2026]: Peer 1001 has the preferred neighbors 1002.
[Tue Apr 21 16:28:45 EDT 2026]: Peer 1001 has the preferred neighbors 1002.
[Tue Apr 21 16:28:50 EDT 2026]: Peer 1001 has the preferred neighbors 1002.
[Tue Apr 21 16:28:55 EDT 2026]: Peer 1001 has the preferred neighbors 1002.
[Tue Apr 21 16:29:00 EDT 2026]: Peer 1001 has the preferred neighbors 1002.
[Tue Apr 21 16:29:05 EDT 2026]: Peer 1001 has the preferred neighbors 1002.
[Tue Apr 21 16:29:10 EDT 2026]: Peer 1001 has the preferred neighbors 1002.
[Tue Apr 21 16:29:15 EDT 2026]: Peer 1001 has the preferred neighbors 1002.
[Tue Apr 21 16:29:20 EDT 2026]: Peer 1001 has the preferred neighbors 1002.
[Tue Apr 21 16:29:25 EDT 2026]: Peer 1001 has the preferred neighbors 1002.
[Tue Apr 21 16:29:30 EDT 2026]: Peer 1001 has the preferred neighbors 1002.
[Tue Apr 21 16:29:35 EDT 2026]: Peer 1001 has the preferred neighbors 1002.
[Tue Apr 21 16:29:40 EDT 2026]: Peer 1001 has the preferred neighbors 1002.
[Tue Apr 21 16:29:45 EDT 2026]: Peer 1001 has the preferred neighbors 1002.
[Tue Apr 21 16:29:50 EDT 2026]: Peer 1001 has the preferred neighbors 1002.
[Tue Apr 21 16:29:55 EDT 2026]: Peer 1001 has the preferred neighbors 1002.
[Tue Apr 21 16:30:00 EDT 2026]: Peer 1001 has the preferred neighbors 1002.
[Tue Apr 21 16:30:05 EDT 2026]: Peer 1001 has the preferred neighbors 1002.
[Tue Apr 21 16:30:10 EDT 2026]: Peer 1001 has the preferred neighbors 1002.
[Tue Apr 21 16:30:15 EDT 2026]: Peer 1001 has the preferred neighbors 1002.
[Tue Apr 21 16:30:20 EDT 2026]: Peer 1001 has the preferred neighbors 1002.
[Tue Apr 21 16:30:25 EDT 2026]: Peer 1001 has the preferred neighbors 1002.
[Tue Apr 21 16:30:30 EDT 2026]: Peer 1001 has the preferred neighbors 1002.
[Tue Apr 21 16:30:35 EDT 2026]: Peer 1001 has the preferred neighbors 1002.
[Tue Apr 21 16:30:40 EDT 2026]: Peer 1001 has the preferred neighbors 1002.
[Tue Apr 21 16:30:45 EDT 2026]: Peer 1001 has the preferred neighbors 1002.
[Tue Apr 21 16:30:50 EDT 2026]: Peer 1001 has the preferred neighbors 1002.
[Tue Apr 21 16:30:55 EDT 2026]: Peer 1001 has the preferred neighbors 1002.
[Tue Apr 21 16:32:14 EDT 2026]: Peer 1001 has the preferred neighbors .
[Tue Apr 21 16:32:15 EDT 2026]: Peer 1001 makes a connection to Peer 1002.
[Tue Apr 21 16:32:15 EDT 2026]: Peer 1001 received the 'interested' message from 1002.
[Tue Apr 21 16:32:19 EDT 2026]: Peer 1001 has the optimistically unchoked neighbor 1002.
[Tue Apr 21 16:32:19 EDT 2026]: Peer 1001 received the 'have' message from 1002 for the piece 1023.
[Tue Apr 21 16:32:19 EDT 2026]: Peer 1001 received the 'interested' message from 1002.
[Tue Apr 21 16:32:19 EDT 2026]: Peer 1001 received the 'have' message from 1002 for the piece 322.
[Tue Apr 21 16:32:19 EDT 2026]: Peer 1001 has the preferred neighbors 1002.
[Tue Apr 21 16:32:19 EDT 2026]: Peer 1001 received the 'interested' message from 1002.
[Tue Apr 21 16:32:19 EDT 2026]: Peer 1001 received the 'have' message from 1002 for the piece 760.
[Tue Apr 21 16:32:19 EDT 2026]: Peer 1001 received the 'interested' message from 1002.
[Tue Apr 21 16:32:19 EDT 2026]: Peer 1001 received the 'have' message from 1002 for the piece 1259.
[Tue Apr 21 16:32:19 EDT 2026]: Peer 1001 received the 'interested' message from 1002.
[Tue Apr 21 16:32:19 EDT 2026]: Peer 1001 received the 'have' message from 1002 for the piece 957.
[Tue Apr 21 16:32:19 EDT 2026]: Peer 1001 received the 'interested' message from 1002.
[Tue Apr 21 16:32:19 EDT 2026]: Peer 1001 received the 'have' message from 1002 for the piece 114.
[Tue Apr 21 16:32:19 EDT 2026]: Peer 1001 received the 'interested' message from 1002.
[Tue Apr 21 16:32:19 EDT 2026]: Peer 1001 received the 'have' message from 1002 for the piece 802.
[Tue Apr 21 16:32:19 EDT 2026]: Peer 1001 received the 'interested' message from 1002.
[Tue Apr 21 16:32:19 EDT 2026]: Peer 1001 received the 'have' message from 1002 for the piece 464.
[Tue Apr 21 16:32:19 EDT 2026]: Peer 1001 received the 'interested' message from 1002.
[Tue Apr 21 16:32:19 EDT 2026]: Peer 1001 received the 'have' message from 1002 for the piece 1142.
[Tue Apr 21 16:32:19 EDT 2026]: Peer 1001 received the 'interested' message from 1002.
[Tue Apr 21 16:32:19 EDT 2026]: Peer 1001 received the 'have' message from 1002 for the piece 1448.
[Tue Apr 21 16:32:19 EDT 2026]: Peer 1001 received the 'interested' message from 1002.
[Tue Apr 21 16:32:19 EDT 2026]: Peer 1001 received the 'have' message from 1002 for the piece 1037.
[Tue Apr 21 16:32:19 EDT 2026]: Peer 1001 received the 'interested' message from 1002.
[Tue Apr 21 16:32:19 EDT 2026]: Peer 1001 received the 'have' message from 1002 for the piece 1178.
[Tue Apr 21 16:32:19 EDT 2026]: Peer 1001 received the 'interested' message from 1002.
[Tue Apr 21 16:32:19 EDT 2026]: Peer 1001 received the 'have' message from 1002 for the piece 735.
[Tue Apr 21 16:32:19 EDT 2026]: Peer 1001 received the 'interested' message from 1002.
[Tue Apr 21 16:32:19 EDT 2026]: Peer 1001 received the 'have' message from 1002 for the piece 611.
[Tue Apr 21 16:32:19 EDT 2026]: Peer 1001 received the 'interested' message from 1002.
[Tue Apr 21 16:32:19 EDT 2026]: Peer 1001 received the 'have' message from 1002 for the piece 271.
[Tue Apr 21 16:32:19 EDT 2026]: Peer 1001 received the 'interested' message from 1002.
[Tue Apr 21 16:32:19 EDT 2026]: Peer 1001 received the 'have' message from 1002 for the piece 508.
[Tue Apr 21 16:32:19 EDT 2026]: Peer 1001 received the 'interested' message from 1002.
[Tue Apr 21 16:32:19 EDT 2026]: Peer 1001 received the 'have' message from 1002 for the piece 950.
[Tue Apr 21 16:32:19 EDT 2026]: Peer 1001 received the 'interested' message from 1002.
[Tue Apr 21 16:32:19 EDT 2026]: Peer 1001 received the 'have' message from 1002 for the piece 787.
[Tue Apr 21 16:32:19 EDT 2026]: Peer 1001 received the 'interested' message from 1002.
[Tue Apr 21 16:32:19 EDT 2026]: Peer 1001 received the 'have' message from 1002 for the piece 894.
[Tue Apr 21 16:32:19 EDT 2026]: Peer 1001 received the 'interested' message from 1002.
[Tue Apr 21 16:32:19 EDT 2026]: Peer 1001 received the 'have' message from 1002 for the piece 895.
[Tue Apr 21 16:32:19 EDT 2026]: Peer 1001 received the 'interested' message from 1002.
[Tue Apr 21 16:32:24 EDT 2026]: Peer 1001 has the preferred neighbors 1002.
[Tue Apr 21 16:32:29 EDT 2026]: Peer 1001 has the preferred neighbors 1002.
[Tue Apr 21 16:32:34 EDT 2026]: Peer 1001 has the preferred neighbors 1002.
[Tue Apr 21 16:32:39 EDT 2026]: Peer 1001 has the preferred neighbors 1002.
[Tue Apr 21 16:32:44 EDT 2026]: Peer 1001 has the preferred neighbors 1002.
[Tue Apr 21 16:32:49 EDT 2026]: Peer 1001 has the preferred neighbors 1002.
[Tue Apr 21 16:32:54 EDT 2026]: Peer 1001 has the preferred neighbors 1002.
[Tue Apr 21 16:32:59 EDT 2026]: Peer 1001 has the preferred neighbors 1002.
[Tue Apr 21 16:33:04 EDT 2026]: Peer 1001 has the preferred neighbors 1002.
[Tue Apr 21 16:33:09 EDT 2026]: Peer 1001 has the preferred neighbors 1002.
[Tue Apr 21 16:33:14 EDT 2026]: Peer 1001 has the preferred neighbors 1002.
[Tue Apr 21 16:33:19 EDT 2026]: Peer 1001 has the preferred neighbors 1002.
[Tue Apr 21 16:33:24 EDT 2026]: Peer 1001 has the preferred neighbors 1002.
[Tue Apr 21 16:33:29 EDT 2026]: Peer 1001 has the preferred neighbors 1002.
[Tue Apr 21 16:33:34 EDT 2026]: Peer 1001 has the preferred neighbors 1002.
[Tue Apr 21 16:33:39 EDT 2026]: Peer 1001 has the preferred neighbors 1002.
[Tue Apr 21 16:33:44 EDT 2026]: Peer 1001 has the preferred neighbors 1002.
[Tue Apr 21 16:33:49 EDT 2026]: Peer 1001 has the preferred neighbors 1002.
[Tue Apr 21 16:33:54 EDT 2026]: Peer 1001 has the preferred neighbors 1002.
[Tue Apr 21 16:33:59 EDT 2026]: Peer 1001 has the preferred neighbors 1002.
[Tue Apr 21 16:34:04 EDT 2026]: Peer 1001 has the preferred neighbors 1002.
[Tue Apr 21 16:34:09 EDT 2026]: Peer 1001 has the preferred neighbors 1002.
[Tue Apr 21 16:34:14 EDT 2026]: Peer 1001 has the preferred neighbors 1002.
[Tue Apr 21 16:34:19 EDT 2026]: Peer 1001 has the preferred neighbors 1002.
[Tue Apr 21 16:34:24 EDT 2026]: Peer 1001 has the preferred neighbors 1002.
[Tue Apr 21 16:34:29 EDT 2026]: Peer 1001 has the preferred neighbors 1002.
[Tue Apr 21 16:34:34 EDT 2026]: Peer 1001 has the preferred neighbors 1002.
[Tue Apr 21 16:34:39 EDT 2026]: Peer 1001 has the preferred neighbors 1002.
[Tue Apr 21 16:34:44 EDT 2026]: Peer 1001 has the preferred neighbors 1002.
[Tue Apr 21 16:34:49 EDT 2026]: Peer 1001 has the preferred neighbors 1002.
[Tue Apr 21 16:34:54 EDT 2026]: Peer 1001 has the preferred neighbors 1002.
[Tue Apr 21 16:34:59 EDT 2026]: Peer 1001 has the preferred neighbors 1002.
[Tue Apr 21 16:35:04 EDT 2026]: Peer 1001 has the preferred neighbors 1002.
[Tue Apr 21 16:35:09 EDT 2026]: Peer 1001 has the preferred neighbors 1002.
[Tue Apr 21 16:35:14 EDT 2026]: Peer 1001 has the preferred neighbors 1002.
[Tue Apr 21 16:35:19 EDT 2026]: Peer 1001 has the preferred neighbors 1002.
[Tue Apr 21 16:35:24 EDT 2026]: Peer 1001 has the preferred neighbors 1002.
[Tue Apr 21 16:35:29 EDT 2026]: Peer 1001 has the preferred neighbors 1002.
[Tue Apr 21 16:37:05 EDT 2026]: Peer 1001 makes a connection to Peer 1002.
[Tue Apr 21 16:37:05 EDT 2026]: Peer 1001 received the 'interested' message from 1002.
[Tue Apr 21 16:37:06 EDT 2026]: Peer 1001 has the preferred neighbors 1002.
[Tue Apr 21 16:37:06 EDT 2026]: Peer 1001 received the 'have' message from 1002 for the piece 458.
[Tue Apr 21 16:37:06 EDT 2026]: Peer 1001 received the 'interested' message from 1002.
[Tue Apr 21 16:37:06 EDT 2026]: Peer 1001 received the 'have' message from 1002 for the piece 567.
[Tue Apr 21 16:37:06 EDT 2026]: Peer 1001 received the 'interested' message from 1002.
[Tue Apr 21 16:37:06 EDT 2026]: Peer 1001 received the 'have' message from 1002 for the piece 746.
[Tue Apr 21 16:37:06 EDT 2026]: Peer 1001 received the 'interested' message from 1002.
[Tue Apr 21 16:37:06 EDT 2026]: Peer 1001 received the 'have' message from 1002 for the piece 669.
[Tue Apr 21 16:37:06 EDT 2026]: Peer 1001 received the 'interested' message from 1002.
[Tue Apr 21 16:37:06 EDT 2026]: Peer 1001 received the 'have' message from 1002 for the piece 575.
[Tue Apr 21 16:37:06 EDT 2026]: Peer 1001 received the 'interested' message from 1002.
[Tue Apr 21 16:37:06 EDT 2026]: Peer 1001 received the 'have' message from 1002 for the piece 907.
[Tue Apr 21 16:37:06 EDT 2026]: Peer 1001 received the 'interested' message from 1002.
[Tue Apr 21 16:37:06 EDT 2026]: Peer 1001 received the 'have' message from 1002 for the piece 1219.
[Tue Apr 21 16:37:06 EDT 2026]: Peer 1001 received the 'interested' message from 1002.
[Tue Apr 21 16:37:06 EDT 2026]: Peer 1001 received the 'have' message from 1002 for the piece 744.
[Tue Apr 21 16:37:06 EDT 2026]: Peer 1001 received the 'interested' message from 1002.
[Tue Apr 21 16:37:06 EDT 2026]: Peer 1001 received the 'have' message from 1002 for the piece 1241.
[Tue Apr 21 16:37:06 EDT 2026]: Peer 1001 received the 'interested' message from 1002.
[Tue Apr 21 16:37:06 EDT 2026]: Peer 1001 received the 'have' message from 1002 for the piece 69.
[Tue Apr 21 16:37:06 EDT 2026]: Peer 1001 received the 'interested' message from 1002.
[Tue Apr 21 16:37:06 EDT 2026]: Peer 1001 received the 'have' message from 1002 for the piece 918.
[Tue Apr 21 16:37:06 EDT 2026]: Peer 1001 received the 'interested' message from 1002.
[Tue Apr 21 16:37:06 EDT 2026]: Peer 1001 received the 'have' message from 1002 for the piece 420.
[Tue Apr 21 16:37:06 EDT 2026]: Peer 1001 received the 'interested' message from 1002.
[Tue Apr 21 16:37:07 EDT 2026]: Peer 1001 received the 'have' message from 1002 for the piece 1091.
[Tue Apr 21 16:37:07 EDT 2026]: Peer 1001 received the 'interested' message from 1002.
[Tue Apr 21 16:37:07 EDT 2026]: Peer 1001 received the 'have' message from 1002 for the piece 863.
[Tue Apr 21 16:37:07 EDT 2026]: Peer 1001 received the 'interested' message from 1002.
[Tue Apr 21 16:37:07 EDT 2026]: Peer 1001 received the 'have' message from 1002 for the piece 1037.
[Tue Apr 21 16:37:07 EDT 2026]: Peer 1001 received the 'interested' message from 1002.
[Tue Apr 21 16:37:07 EDT 2026]: Peer 1001 received the 'have' message from 1002 for the piece 1448.
[Tue Apr 21 16:37:07 EDT 2026]: Peer 1001 received the 'interested' message from 1002.
[Tue Apr 21 16:37:07 EDT 2026]: Peer 1001 received the 'have' message from 1002 for the piece 1012.
[Tue Apr 21 16:37:07 EDT 2026]: Peer 1001 received the 'interested' message from 1002.
[Tue Apr 21 16:37:07 EDT 2026]: Peer 1001 received the 'have' message from 1002 for the piece 336.
[Tue Apr 21 16:37:07 EDT 2026]: Peer 1001 received the 'interested' message from 1002.
[Tue Apr 21 16:37:07 EDT 2026]: Peer 1001 received the 'have' message from 1002 for the piece 968.
[Tue Apr 21 16:37:07 EDT 2026]: Peer 1001 received the 'interested' message from 1002.
[Tue Apr 21 16:37:07 EDT 2026]: Peer 1001 received the 'have' message from 1002 for the piece 459.
[Tue Apr 21 16:37:07 EDT 2026]: Peer 1001 received the 'interested' message from 1002.
[Tue Apr 21 16:37:07 EDT 2026]: Peer 1001 received the 'have' message from 1002 for the piece 756.
[Tue Apr 21 16:37:07 EDT 2026]: Peer 1001 received the 'interested' message from 1002.
[Tue Apr 21 16:37:07 EDT 2026]: Peer 1001 received the 'have' message from 1002 for the piece 909.
[Tue Apr 21 16:37:07 EDT 2026]: Peer 1001 received the 'interested' message from 1002.
[Tue Apr 21 16:37:07 EDT 2026]: Peer 1001 received the 'have' message from 1002 for the piece 1332.
[Tue Apr 21 16:37:07 EDT 2026]: Peer 1001 received the 'interested' message from 1002.
[Tue Apr 21 16:37:07 EDT 2026]: Peer 1001 received the 'have' message from 1002 for the piece 1381.
[Tue Apr 21 16:37:07 EDT 2026]: Peer 1001 received the 'interested' message from 1002.
[Tue Apr 21 16:37:07 EDT 2026]: Peer 1001 received the 'have' message from 1002 for the piece 407.
[Tue Apr 21 16:37:07 EDT 2026]: Peer 1001 received the 'interested' message from 1002.
[Tue Apr 21 16:37:07 EDT 2026]: Peer 1001 received the 'have' message from 1002 for the piece 1270.
[Tue Apr 21 16:37:07 EDT 2026]: Peer 1001 received the 'interested' message from 1002.
[Tue Apr 21 16:37:07 EDT 2026]: Peer 1001 received the 'have' message from 1002 for the piece 277.
[Tue Apr 21 16:37:07 EDT 2026]: Peer 1001 received the 'interested' message from 1002.
[Tue Apr 21 16:37:07 EDT 2026]: Peer 1001 received the 'have' message from 1002 for the piece 726.
[Tue Apr 21 16:37:07 EDT 2026]: Peer 1001 received the 'interested' message from 1002.
[Tue Apr 21 16:37:07 EDT 2026]: Peer 1001 received the 'have' message from 1002 for the piece 201.
[Tue Apr 21 16:37:07 EDT 2026]: Peer 1001 received the 'interested' message from 1002.
[Tue Apr 21 16:37:07 EDT 2026]: Peer 1001 received the 'have' message from 1002 for the piece 821.
[Tue Apr 21 16:37:07 EDT 2026]: Peer 1001 received the 'interested' message from 1002.
[Tue Apr 21 16:37:07 EDT 2026]: Peer 1001 received the 'have' message from 1002 for the piece 397.
[Tue Apr 21 16:37:07 EDT 2026]: Peer 1001 received the 'interested' message from 1002.
[Tue Apr 21 16:37:07 EDT 2026]: Peer 1001 received the 'have' message from 1002 for the piece 1274.
[Tue Apr 21 16:37:07 EDT 2026]: Peer 1001 received the 'interested' message from 1002.
[Tue Apr 21 16:37:07 EDT 2026]: Peer 1001 received the 'have' message from 1002 for the piece 602.
[Tue Apr 21 16:37:07 EDT 2026]: Peer 1001 received the 'interested' message from 1002.
[Tue Apr 21 16:37:07 EDT 2026]: Peer 1001 received the 'have' message from 1002 for the piece 49.
[Tue Apr 21 16:37:07 EDT 2026]: Peer 1001 received the 'interested' message from 1002.
[Tue Apr 21 16:37:07 EDT 2026]: Peer 1001 received the 'have' message from 1002 for the piece 1106.
[Tue Apr 21 16:37:07 EDT 2026]: Peer 1001 received the 'interested' message from 1002.
[Tue Apr 21 16:37:07 EDT 2026]: Peer 1001 received the 'have' message from 1002 for the piece 304.
[Tue Apr 21 16:37:07 EDT 2026]: Peer 1001 received the 'interested' message from 1002.
[Tue Apr 21 16:37:07 EDT 2026]: Peer 1001 received the 'have' message from 1002 for the piece 548.
[Tue Apr 21 16:37:07 EDT 2026]: Peer 1001 received the 'interested' message from 1002.
[Tue Apr 21 16:37:07 EDT 2026]: Peer 1001 received the 'have' message from 1002 for the piece 466.
[Tue Apr 21 16:37:07 EDT 2026]: Peer 1001 received the 'interested' message from 1002.
[Tue Apr 21 16:37:07 EDT 2026]: Peer 1001 received the 'have' message from 1002 for the piece 110.
[Tue Apr 21 16:37:07 EDT 2026]: Peer 1001 received the 'interested' message from 1002.
[Tue Apr 21 16:37:07 EDT 2026]: Peer 1001 received the 'have' message from 1002 for the piece 1115.
[Tue Apr 21 16:37:07 EDT 2026]: Peer 1001 received the 'interested' message from 1002.
[Tue Apr 21 16:37:07 EDT 2026]: Peer 1001 received the 'have' message from 1002 for the piece 1193.
[Tue Apr 21 16:37:07 EDT 2026]: Peer 1001 received the 'interested' message from 1002.
[Tue Apr 21 16:37:07 EDT 2026]: Peer 1001 received the 'have' message from 1002 for the piece 565.
[Tue Apr 21 16:37:07 EDT 2026]: Peer 1001 received the 'interested' message from 1002.
[Tue Apr 21 16:37:07 EDT 2026]: Peer 1001 received the 'have' message from 1002 for the piece 1076.
[Tue Apr 21 16:37:08 EDT 2026]: Peer 1001 received the 'interested' message from 1002.
[Tue Apr 21 16:37:08 EDT 2026]: Peer 1001 received the 'have' message from 1002 for the piece 1175.
[Tue Apr 21 16:37:08 EDT 2026]: Peer 1001 received the 'interested' message from 1002.
[Tue Apr 21 16:37:08 EDT 2026]: Peer 1001 received the 'have' message from 1002 for the piece 329.
[Tue Apr 21 16:37:08 EDT 2026]: Peer 1001 received the 'interested' message from 1002.
[Tue Apr 21 16:37:08 EDT 2026]: Peer 1001 received the 'have' message from 1002 for the piece 285.
[Tue Apr 21 16:37:08 EDT 2026]: Peer 1001 received the 'interested' message from 1002.
[Tue Apr 21 16:37:08 EDT 2026]: Peer 1001 received the 'have' message from 1002 for the piece 957.
[Tue Apr 21 16:37:08 EDT 2026]: Peer 1001 received the 'interested' message from 1002.
[Tue Apr 21 16:37:08 EDT 2026]: Peer 1001 received the 'have' message from 1002 for the piece 902.
[Tue Apr 21 16:37:08 EDT 2026]: Peer 1001 received the 'interested' message from 1002.
[Tue Apr 21 16:37:08 EDT 2026]: Peer 1001 received the 'have' message from 1002 for the piece 1156.
[Tue Apr 21 16:37:08 EDT 2026]: Peer 1001 received the 'interested' message from 1002.
[Tue Apr 21 16:37:08 EDT 2026]: Peer 1001 received the 'have' message from 1002 for the piece 84.
[Tue Apr 21 16:37:08 EDT 2026]: Peer 1001 received the 'interested' message from 1002.
[Tue Apr 21 16:37:08 EDT 2026]: Peer 1001 received the 'have' message from 1002 for the piece 100.
[Tue Apr 21 16:37:08 EDT 2026]: Peer 1001 received the 'interested' message from 1002.
[Tue Apr 21 16:37:11 EDT 2026]: Peer 1001 has the preferred neighbors 1002.
[Tue Apr 21 16:37:16 EDT 2026]: Peer 1001 has the preferred neighbors 1002.
[Tue Apr 21 16:37:21 EDT 2026]: Peer 1001 has the preferred neighbors 1002.
[Tue Apr 21 16:37:26 EDT 2026]: Peer 1001 has the preferred neighbors 1002.
[Tue Apr 21 16:37:31 EDT 2026]: Peer 1001 has the preferred neighbors 1002.
[Tue Apr 21 16:37:36 EDT 2026]: Peer 1001 has the preferred neighbors 1002.
[Tue Apr 21 16:37:41 EDT 2026]: Peer 1001 has the preferred neighbors 1002.
[Tue Apr 21 16:37:46 EDT 2026]: Peer 1001 has the preferred neighbors 1002.
[Tue Apr 21 16:37:51 EDT 2026]: Peer 1001 has the preferred neighbors 1002.
[Tue Apr 21 16:37:56 EDT 2026]: Peer 1001 has the preferred neighbors 1002.
[Tue Apr 21 16:38:01 EDT 2026]: Peer 1001 has the preferred neighbors 1002.
[Tue Apr 21 16:38:06 EDT 2026]: Peer 1001 has the preferred neighbors 1002.
[Tue Apr 21 16:38:11 EDT 2026]: Peer 1001 has the preferred neighbors 1002.
[Tue Apr 21 16:38:16 EDT 2026]: Peer 1001 has the preferred neighbors 1002.
[Tue Apr 21 16:38:21 EDT 2026]: Peer 1001 has the preferred neighbors 1002.
[Tue Apr 21 16:38:26 EDT 2026]: Peer 1001 has the preferred neighbors 1002.
